2014-03-02 14:55:17,622 - [INFO] - from play in pool-4-thread-3 
Listening for HTTP on /0:0:0:0:0:0:0:0:9000

2014-03-02 14:55:57,501 - [INFO] - from play in play-internal-execution-context-1 
database [default] connected at jdbc:h2:mem:play

2014-03-02 14:55:58,395 - [INFO] - from play in play-internal-execution-context-1 
Application started (Dev)

2014-03-02 14:59:24,169 - [INFO] - from play in play-internal-execution-context-1 
database [default] connected at jdbc:h2:mem:play

2014-03-02 14:59:24,485 - [INFO] - from play in play-internal-execution-context-1 
Application started (Dev)

2014-03-02 15:02:23,860 - [INFO] - from play in play-internal-execution-context-1 
database [default] connected at jdbc:h2:mem:play

2014-03-02 15:02:23,983 - [INFO] - from play in play-internal-execution-context-1 
Application started (Dev)

2014-03-02 15:09:38,764 - [INFO] - from play in play-internal-execution-context-7 
database [default] connected at jdbc:h2:mem:play

2014-03-02 15:09:38,902 - [INFO] - from play in play-internal-execution-context-7 
Application started (Dev)

2014-03-02 15:29:31,214 - [INFO] - from play in play-internal-execution-context-7 
database [default] connected at jdbc:h2:mem:play

2014-03-02 15:29:31,354 - [INFO] - from play in play-internal-execution-context-7 
Application started (Dev)

2014-03-02 15:40:46,195 - [INFO] - from play in play-internal-execution-context-24 
database [default] connected at jdbc:h2:mem:play

2014-03-02 15:40:46,309 - [INFO] - from play in play-internal-execution-context-24 
Application started (Dev)

2014-03-02 15:44:39,266 - [INFO] - from play in play-internal-execution-context-24 
database [default] connected at jdbc:h2:mem:play

2014-03-02 15:44:39,397 - [INFO] - from play in play-internal-execution-context-24 
Application started (Dev)

